<?xml version="1.0" encoding="utf-8"?><testsuites><testsuite errors="0" failures="1" hostname="DESKTOP-N6DDPSQ" name="pytest" skipped="0" tests="7" time="6.690" timestamp="2020-07-07T01:07:25.051285"><testcase classname="test_submit" file="test_submit.py" line="3" name="test_q1" time="0.003"></testcase><testcase classname="test_submit" file="test_submit.py" line="8" name="test_q2" time="0.001"></testcase><testcase classname="test_submit" file="test_submit.py" line="13" name="test_q3" time="0.002"></testcase><testcase classname="test_submit" file="test_submit.py" line="18" name="test_q4" time="0.001"></testcase><testcase classname="test_submit" file="test_submit.py" line="23" name="test_q5" time="0.001"></testcase><testcase classname="test_submit" file="test_submit.py" line="28" name="test_q6" time="0.000"></testcase><testcase classname="test_submit" file="test_submit.py" line="33" name="test_q7" time="0.003"><failure message="assert 0.00047677 == 0.00046601
  -0.00047677
  +0.00046601">E   assert 0.00047677 == 0.00046601
      -0.00047677
      +0.00046601</failure></testcase></testsuite></testsuites>